700000
1300000
100000
1200000
200000
2100000
2000000
1800000
3200000
500000
3900000
4700000
1700000
800000
400000
100000
1200000
900000
200000
300000
1100000
1500000
700000
2700000
600000
400000
500000
1000000
100000
2900000
800000
200000
1400000
1300000
2200000
300000
2100000
1900000
3300000
600000
4000000
4800000
1800000
900000
500000
200000
1300000
300000
1000000
400000
1200000
800000
1600000
2800000
700000
500000
600000
1100000
200000
3000000
900000
1500000
300000
1400000
400000
2300000
2200000
3400000
2000000
700000
4100000
4900000
1900000
1000000
300000
600000
1400000
1100000
400000
500000
1300000
900000
1700000
2900000
800000
600000
700000
300000
1200000
3100000
1000000
400000
1500000
1600000
500000
2400000
2300000
3500000
2100000
800000
4200000
2000000
5000000
400000
1100000
700000
500000
1200000
1500000
600000
1400000
1000000
1800000
3000000
900000
700000
800000
400000
1300000
3200000
1600000
1100000
1700000
500000
600000
2500000
2400000
3600000
2200000
900000
4300000
2100000
800000
5100000
500000
1200000
600000
1600000
1300000
1500000
700000
1100000
1900000
3100000
800000
1000000
900000
500000
1400000
3300000
1700000
1200000
600000
1800000
700000
2600000
2500000
3700000
2300000
1000000
4400000
900000
2200000
5200000
600000
700000
1300000
1600000
1700000
1400000
800000
1200000
2000000
3200000
900000
1100000
1000000
600000
1500000
3400000
1800000
700000
1300000
1900000
800000
2700000
2600000
3800000
2400000
1100000
4500000
1000000
5300000
2300000
700000
1400000
800000
1800000
1700000
900000
1500000
1300000
2100000
1000000
3300000
1200000
1100000
700000
3500000
1600000
1900000
800000
2000000
1400000
900000
2800000
2700000
3900000
2500000
1200000
4600000
1100000
2400000
5400000
800000
1500000
900000
1800000
1900000
1600000
1000000
1400000
2200000
3400000
1100000
800000
1300000
1200000
3600000
1700000
2000000
2100000
1500000
900000
1000000
2900000
2800000
4000000
2600000
1300000
4700000
1200000
2500000
5500000
1600000
900000
1900000
1000000
2000000
1100000
1700000
1500000
2300000
3500000
1200000
900000
1400000
1300000
3700000
2100000
1800000
2200000
1600000
1000000
3000000
1100000
2900000
4100000
2700000
1400000
4800000
1300000
2600000
1000000
5600000
1700000
2000000
1100000
2100000
1600000
1200000
1800000
2400000
1300000
3600000
1000000
1500000
1400000
3800000
1900000
2200000
2300000
1700000
3100000
1100000
1200000
3000000
4200000
1500000
2800000
4900000
1400000
2700000
1100000
1800000
5700000
2100000
1200000
2200000
1700000
1300000
1900000
2500000
1400000
3700000
1100000
1500000
1600000
3900000
2300000
2000000
1800000
3200000
2400000
1200000
1300000
3100000
4300000
2900000
1600000
5000000
1500000
2800000
1200000
1900000
2200000
5800000
1300000
1800000
2300000
1400000
2600000
2000000
1500000
3800000
1200000
1600000
1700000
4000000
2400000
2100000
2500000
1900000
3300000
3200000
1300000
1400000
4400000
3000000
1700000
5100000
1600000
2900000
1300000
2300000
2000000
5900000
1400000
1900000
2400000
1500000
2700000
2100000
1600000
3900000
1700000
1300000
4100000
1800000
2600000
2500000
2200000
3400000
3300000
2000000
1400000
1500000
4500000
1800000
3100000
5200000
1700000
3000000
1400000
2400000
2100000
6000000
1500000
2000000
1600000
2500000
2800000
1700000
2200000
4000000
1400000
1800000
4200000
1900000
3400000
2700000
2100000
3500000
2300000
2600000
1600000
1500000
4600000
1900000
3200000
5300000
1800000
3100000
1500000
2500000
2200000
6100000
1600000
2100000
1700000
2600000
1800000
2900000
2300000
4100000
1500000
1900000
4300000
2000000
3600000
2800000
2200000
3500000
2400000
2700000
1700000
1600000
4700000
3300000
2000000
1900000
5400000
3200000
2600000
1600000
2300000
6200000
2200000
1700000
1800000
2700000
1900000
3000000
2400000
4200000
1600000
2000000
4400000
2100000
3700000
2300000
2500000
2900000
1800000
3600000
2800000
1700000
4800000
3400000
2100000
5500000
2000000
2700000
3300000
2400000
6300000
1700000
2300000
1800000
1900000
2800000
2000000
3100000
4300000
2500000
1700000
2100000
4500000
3800000
2200000
2400000
2900000
1900000
2600000
3700000
3000000
1800000
4900000
3500000
2200000
5600000
2800000
2100000
3400000
2500000
1800000
6400000
2400000
2000000
1900000
2100000
2900000
3200000
4400000
2600000
1800000
2200000
4600000
3900000
2300000
2500000
3000000
2000000
3800000
1900000
2700000
3100000
5000000
3600000
2300000
2900000
5700000
2200000
3500000
2600000
1900000
6500000
2500000
2100000
2000000
2200000
3000000
3300000
4500000
2700000
1900000
2300000
4700000
2600000
2400000
4000000
2100000
3900000
3100000
2000000
2800000
3200000
5100000
3700000
2400000
3000000
5800000
2300000
3600000
2700000
2000000
6600000
2200000
2600000
2300000
2100000
3100000
3400000
2000000
4600000
2800000
4800000
2400000
2500000
2700000
2200000
4000000
4100000
3200000
2900000
2100000
3300000
5200000
2500000
3800000
3100000
5900000
3700000
2400000
2800000
2100000
6700000
2700000
2300000
2400000
2200000
3200000
3500000
2100000
4700000
2900000
4900000
2500000
2600000
2800000
2300000
4100000
4200000
3300000
2200000
3000000
3400000
5300000
2600000
3900000
3200000
6000000
2500000
3800000
2900000
2200000
6800000
2500000
2800000
2300000
2400000
3300000
3600000
4800000
2200000
5000000
3000000
2600000
2700000
2900000
2400000
4200000
4300000
3400000
2300000
3100000
5400000
3500000
2700000
3300000
4000000
6100000
2600000
3900000
3000000
2300000
6900000
2600000
2400000
2500000
2900000
3400000
3700000
4900000
2300000
5100000
3100000
2700000
2500000
2800000
3000000
4300000
4400000
3500000
2400000
3200000
5500000
3600000
2800000
4100000
3400000
6200000
4000000
2700000
3100000
2400000
7000000
2700000
2500000
2600000
3000000
3500000
5000000
3800000
2400000
5200000
2800000
3200000
2600000
2900000
4500000
3100000
4400000
3600000
2500000
3300000
5600000
3700000
2900000
4200000
3500000
6300000
4100000
2800000
3200000
2500000
2800000
7100000
2600000
3100000
2700000
3600000
2500000
5100000
3900000
5300000
2900000
3300000
3000000
2700000
3200000
4500000
4600000
3700000
2600000
3400000
5700000
3800000
3000000
3600000
4300000
6400000
4200000
2900000
3300000
2600000
2900000
2700000
7200000
3200000
2800000
3700000
2600000
5200000
4000000
5400000
3000000
3400000
2800000
3100000
4600000
3300000
2700000
5800000
4700000
3800000
3500000
3900000
3100000
4400000
3700000
6500000
4300000
3400000
3000000
2700000
3000000
2800000
7300000
3300000
2900000
2700000
3800000
5300000
4100000
5500000
3100000
3500000
2900000
3400000
4700000
3200000
5900000
4800000
2800000
3600000
3900000
4000000
3200000
4500000
3800000
4400000
6600000
3500000
3100000
3100000
2900000
2800000
7400000
3400000
3000000
2800000
3900000
5400000
4200000
5600000
3200000
3600000
3500000
3000000
4800000
2900000
6000000
3300000
4900000
4000000
3700000
4100000
3300000
4600000
3900000
4500000
6700000
3600000
3200000
3000000
3200000
2900000
7500000
3500000
3100000
2900000
4000000
5500000
4300000
5700000
3300000
3700000
3600000
3100000
4900000
3000000
6100000
3400000
5000000
4100000
3800000
4200000
3400000
4700000
4000000
4600000
6800000
3700000
3300000
3300000
3100000
3000000
7600000
3600000
3200000
3000000
4100000
5600000
5800000
4400000
3400000
3700000
3800000
5000000
3200000
3100000
6200000
5100000
3500000
4200000
3900000
4300000
3500000
4800000
4100000
4700000
6900000
3800000
3400000
3400000
3100000
3200000
7700000
3700000
3100000
3300000
4200000
5700000
5900000
4500000
3800000
5100000
3500000
3900000
3200000
3300000
6300000
3600000
5200000
4300000
4000000
4400000
3600000
4900000
4200000
4800000
7000000
3500000
3900000
3500000
3200000
3300000
7800000
3800000
3400000
4300000
3200000
5800000
5200000
3900000
6000000
4000000
3600000
6400000
3300000
4600000
3400000
3700000
5300000
4400000
4100000
4500000
5000000
4300000
3700000
4900000
7100000
3600000
3300000
3400000
4000000
7900000
3900000
3600000
4400000
3500000
5900000
3300000
4000000
5300000
4100000
3400000
6500000
3700000
6100000
3500000
4700000
3800000
5400000
4500000
4200000
4400000
4600000
5100000
3800000
5000000
3700000
7200000
3500000
3400000
4100000
4000000
8000000
3700000
4500000
6000000
3600000
3400000
4100000
5400000
4200000
3500000
6600000
3800000
6200000
4800000
3600000
3900000
5500000
4600000
4300000
4700000
4500000
5200000
3900000
5100000
3800000
3600000
7300000
3500000
4100000
4200000
8100000
3800000
4600000
6100000
3500000
3700000
4200000
4300000
3600000
5500000
3900000
6300000
6700000
4900000
3700000
4000000
5600000
4700000
4400000
4800000
4600000
5300000
4000000
5200000
7400000
3900000
3600000
4200000
4300000
3700000
8200000
3900000
6200000
4700000
3700000
3600000
3800000
4300000
5600000
4400000
4000000
6400000
5000000
6800000
3800000
4800000
4100000
5700000
4500000
4900000
4700000
5400000
4100000
4000000
5300000
7500000
4300000
3700000
4000000
3800000
8300000
4400000
3800000
6300000
4800000
3700000
4500000
3900000
4400000
5700000
4100000
6900000
4200000
3900000
5100000
6500000
4900000
5800000
4100000
4800000
4200000
4900000
3900000
4000000
4300000
8400000
4500000
5800000
4400000
5500000
3800000
4500000
7600000
4300000
5000000
4100000
3900000
4600000
4000000
4700000
6600000
7700000
4200000
4400000
6700000
5100000
4500000
4000000
5200000
4600000
7000000
5200000
4600000
4800000
4200000
8500000
5000000
4400000
4100000
5400000
4000000
4100000
3800000
5000000
5900000
4300000
4200000
4600000
5900000
3900000
4500000
5600000
4900000
6400000
7800000
6800000
5300000
4500000
4700000
4200000
4900000
6000000
5000000
4100000
8600000
4300000
4300000
6000000
5300000
3900000
5400000
5000000
4300000
8700000
5100000
4000000
4100000
4100000
4200000
7900000
5200000
4200000
5100000
4200000
4200000
4600000
6100000
5200000
5300000
4700000
4400000
4400000
5400000
5500000
5700000
5400000
4600000
4600000
5600000
4500000
5100000
4700000
5700000
4500000
5100000
4400000
4600000
5500000
5600000
4300000
7100000
4000000
6100000
6900000
8800000
4400000
5700000
4700000
4800000
5800000
4800000
4100000
4300000
5800000
4900000
5800000
5500000
4700000
6500000
8900000
7000000
4300000
4800000
5200000
4700000
4500000
4700000
8000000
4800000
7200000
4200000
5900000
4600000
6200000
5300000
5500000
6200000
4400000
4300000
4400000
5900000
5200000
4500000
4900000
5000000
7100000
9000000
4400000
4800000
6600000
4300000
5600000
4900000
4800000
4500000
6700000
5900000
7300000
8100000
6000000
4700000
5700000
4600000
5300000
4900000
6300000
4800000
4900000
4400000
4900000
9100000
4600000
4700000
6300000
4900000
4700000
5600000
5000000
5400000
5800000
4500000
6400000
4400000
4500000
6400000
5300000
7200000
5000000
4800000
5100000
6000000
9200000
4600000
7400000
5400000
4500000
4800000
5000000
5000000
7300000
5000000
4800000
5100000
5000000
5500000
6000000
5200000
4500000
5400000
5500000
4900000
6100000
5600000
4900000
9300000
5700000
5800000
5900000
6000000
6100000
6200000
6100000
6500000
5100000
6100000
5900000
6600000
5200000
4700000
4900000
5100000
4600000
4600000
5100000
5000000
4700000
9400000
6000000
7500000
4700000
4600000
6200000
9500000
6100000
7600000
5000000
5100000
6700000
5000000
9600000
9700000
4600000
4700000
5300000
5400000
5500000
4800000
5100000
5200000
4800000
4800000
5100000
5500000
5600000
4900000
5200000
4900000
5300000
5600000
5300000
5000000
6800000
6300000
5700000
5600000
5200000
6900000
5300000
5400000
5000000
5700000
7700000
5100000
6400000
4800000
6500000
5400000
6200000
6200000
9800000
5400000
5200000
5100000
6600000
6700000
4900000
7400000
4700000
6800000
5000000
5300000
5400000
5500000
6300000
6400000
6500000
6300000
5300000
5700000
5200000
5500000
6500000
7000000
5500000
7100000
5600000
4800000
4900000
7500000
9900000
5100000
5700000
5700000
5100000
5300000
10000000
5600000
7600000
6200000
4900000
6600000
5200000
5800000
5100000
7200000
6300000
5800000
5700000
5600000
5200000
5800000
5400000
5200000
5000000
7800000
5900000
5800000
6000000
5900000
7700000
5400000
6400000
5500000
5800000
7900000
6400000
5300000
6300000
6700000
5300000
6100000
5000000
7800000
5100000
5500000
6800000
8000000
5800000
5600000
5700000
7300000
5600000
6900000
10100000
5700000
6200000
7400000
5400000
6400000
5300000
5900000
6000000
6100000
5200000
6900000
5500000
6500000
5600000
6600000
5700000
6700000
5800000
6800000
5900000
6900000
6000000
7000000
6300000
6100000
7500000
5200000
7600000
5300000
5900000
7700000
5400000
6400000
7000000
6500000
6200000
6600000
5900000
6300000
6000000
6000000
6700000
5800000
6500000
6600000
6200000
6700000
6400000
5400000
5100000
6300000
5900000
7800000
6500000
6600000
6800000
5200000
6400000
5500000
5500000
5500000
10200000
5300000
10300000
7100000
5800000
5900000
7900000
6500000
6000000
8100000
5400000
6700000
10400000
6800000
10500000
6900000
8000000
10600000
5200000
6800000
7000000
8100000
6900000
7200000
6100000
7300000
6600000
8200000
6700000
6200000
7400000
5300000
6900000
5600000
7900000
7000000
5600000
5400000
7100000
8200000
7200000
6300000
7500000
8300000
7300000
5400000
5500000
10700000
5700000
6000000
7000000
7100000
7100000
5900000
7100000
6100000
5500000
5700000
5500000
7200000
6000000
6200000
5600000
5600000
6000000
8000000
7300000
6100000
5300000
7400000
6400000
6200000
6100000
6100000
6200000
6600000
6700000
6500000
5400000
7600000
6300000
7700000
6800000
7500000
6400000
6500000
8300000
6900000
7800000
5800000
7000000
8400000
7900000
8400000
5800000
8500000
6600000
5900000
5500000
5600000
6300000
5700000
5700000
6000000
5800000
5700000
7200000
7300000
10800000
6100000
7400000
10900000
6200000
6800000
6700000
6900000
6800000
7000000
6900000
6500000
5900000
6000000
6600000
6100000
6700000
7400000
7500000
6300000
7600000
6400000
6500000
11000000
8100000
5800000
7700000
11100000
7600000
5900000
8200000
8600000
6200000
5600000
6300000
6600000
8500000
6200000
7100000
7700000
8700000
6400000
6400000
6800000
7100000
7800000
7200000
5900000
6700000
8300000
7200000
7200000
8800000
6900000
6800000
6100000
6500000
6000000
7300000
5700000
7500000
8600000
11200000
7000000
6300000
8000000
7900000
8900000
6500000
7300000
5600000
8400000
6600000
6700000
5800000
6600000
6800000
5900000
6700000
7800000
7400000
8100000
7500000
7900000
6900000
7000000
6200000
7100000
6300000
8500000
6400000
6900000
6300000
5800000
11300000
6800000
6400000
6900000
6000000
8700000
7600000
8000000
7700000
7000000
5700000
6400000
6500000
6100000
7100000
8800000
7600000
8900000
7200000
8100000
6600000
8600000
9000000
6500000
8200000
6000000
6700000
7400000
6600000
8700000
9100000
7100000
8300000
6600000
6800000
7700000
6100000
8000000
7800000
7200000
7300000
7400000
7500000
7600000
7700000
7800000
5900000
6100000
6200000
6300000
9000000
7300000
7400000
7200000
6400000
6500000
7500000
7300000
8800000
7000000
8400000
8100000
7100000
8500000
7800000
8200000
7200000
8600000
7900000
7900000
6700000
9100000
11400000
6200000
7600000
6600000
6300000
7400000
6500000
9200000
7700000
6900000
7000000
7100000
6700000
7200000
8300000
8900000
8400000
9000000
8500000
9100000
8000000
9200000
6200000
8600000
8100000
9200000
7500000
9300000
7800000
7900000
8000000
8100000
7900000
8200000
7300000
6400000
7600000
7400000
7500000
6500000
7700000
8000000
9300000
8300000
7300000
5800000
8100000
8700000
6800000
6600000
11500000
6600000
6000000
7000000
9300000
8000000
8100000
8200000
8800000
11600000
6300000
8900000
11700000
6400000
8200000
9400000
6100000
9500000
6200000
9600000
7100000
8300000
6700000
8300000
8400000
6800000
8200000
7600000
8500000
8400000
6300000
9700000
6900000
7200000
11800000
6500000
8600000
7700000
9400000
6400000
8700000
7800000
9500000
6900000
8300000
7800000
7500000
8400000
8500000
6700000
7400000
7500000
7600000
7300000
7600000
8800000
8900000
9000000
9800000
9100000
9900000
6500000
6600000
6700000
6800000
6900000
6700000
7000000
11900000
7700000
7100000
6800000
8700000
8500000
9200000
7700000
7400000
12000000
10000000
10100000
10200000
10300000
10400000
10500000
9400000
7300000
7000000
7100000
7200000
9500000
7200000
6800000
6900000
8600000
6600000
9300000
5900000
8400000
6900000
7900000
7000000
8000000
6700000
8600000
7400000
7300000
6800000
7100000
7400000
7000000
5200000
7300000
7500000
8700000
10600000
8500000
7800000
7800000
8200000
9000000
8200000
7900000
7000000
9400000
9500000
9100000
8800000
7500000
9600000
10700000
6800000
7400000
9600000
7900000
7000000
12100000
6000000
7200000
8100000
5700000
8300000
8300000
8700000
8600000
7900000
8800000
9700000
5300000
7100000
7500000
8000000
9600000
5800000
7100000
8400000
8000000
7100000
7300000
8400000
9200000
8700000
6900000
8900000
8200000
8800000
6900000
9700000
5900000
7200000
9300000
8800000
5400000
9700000
7200000
8900000
7000000
8900000
8300000
8100000
7600000
9000000
8500000
7200000
8100000
7400000
9800000
7000000
8500000
9800000
8000000
8900000
9400000
9000000
7100000
8200000
7600000
7700000
7100000
9900000
9000000
7500000
6800000
8300000
9900000
7600000
6900000
8400000
10800000
10000000
9100000
9100000
8400000
7300000
9200000
9000000
7700000
8200000
8600000
7600000
7800000
5500000
7200000
8600000
9200000
8700000
9300000
9500000
10900000
7200000
9400000
7800000
9100000
8300000
9300000
7700000
11000000
8500000
8500000
9800000
7300000
6000000
5600000
9200000
9600000
7300000
7900000
7900000
7300000
7500000
8800000
8100000
7300000
8400000
9400000
7400000
6100000
10100000
10000000
7000000
7700000
9100000
8700000
9500000
9300000
8900000
7600000
8600000
8000000
9900000
8000000
9200000
8200000
8500000
7800000
10200000
7400000
6200000
8800000
7100000
9500000
7400000
7400000
10100000
7700000
8300000
8600000
7900000
10000000
8100000
8700000
9400000
8900000
9600000
9000000
7200000
10300000
7500000
8100000
9300000
10200000
7500000
6300000
7500000
8400000
8700000
8200000
8000000
7800000
9500000
8800000
10100000
10300000
8200000
10400000
7300000
9100000
9700000
9400000
9000000
7600000
6400000
7600000
7600000
8600000
9700000
7400000
9500000
5700000
9600000
9700000
9800000
7900000
9800000
9900000
10000000
9600000
9100000
9200000
9300000
9400000
9900000
10000000
8900000
8700000
10400000
10100000
10200000
10500000
7400000
7800000
7700000
5800000
10100000
7500000
8300000
10200000
9500000
9000000
8000000
7500000
8500000
7700000
8100000
9200000
7500000
6500000
8300000
8800000
9600000
7900000
9800000
9700000
10300000
7700000
6100000
10600000
8800000
10500000
10200000
5900000
7600000
8100000
8000000
8600000
8400000
7800000
9300000
7800000
6600000
8900000
10400000
10600000
8900000
8400000
7600000
7900000
8200000
8500000
6000000
8700000
8100000
6700000
7700000
10500000
7900000
9000000
10700000
8500000
9000000
9400000
7700000
8000000
8600000
6100000
6800000
8200000
7800000
8300000
10600000
10800000
9100000
8000000
8600000
8800000
9500000
9100000
7800000
6900000
8100000
7600000
7700000
7900000
8000000
8100000
8200000
9700000
9800000
8300000
9200000
6200000
6300000
6400000
6500000
8300000
9800000
9900000
6600000
8900000
9600000
8400000
9700000
8400000
8500000
8600000
8700000
9900000
9100000
9200000
9800000
10900000
10000000
10100000
9300000
8800000
8400000
9900000
10200000
9600000
8700000
7800000
7900000
9700000
10000000
8500000
6200000
7900000
8800000
8000000
10300000
10300000
9200000
7000000
8500000
9300000
8700000
9800000
8600000
10100000
6300000
8900000
8100000
10300000
8000000
10400000
8600000
9300000
10400000
7100000
9400000
8800000
9900000
8700000
10200000
9000000
6400000
8200000
10500000
10400000
8100000
8700000
9400000
9500000
7200000
10500000
8900000
10000000
8800000
9100000
6500000
8300000
10300000
10600000
8800000
10500000
8200000
9500000
8900000
9600000
7300000
9000000
10100000
10600000
9200000
6600000
10700000
8400000
10400000
8900000
9600000
8300000
10600000
9000000
8200000
9700000
7400000
9300000
7500000
9400000
9800000
8100000
8200000
10700000
8300000
8400000
8500000
8300000
8600000
10800000
9100000
10900000
11000000
10800000
8400000
9200000
8500000
9300000
10000000
11100000
9900000
9000000
8900000
6700000
7600000
9700000
10500000
9000000
8700000
8400000
9900000
6700000
9500000
10200000
8600000
9400000
10900000
8200000
9100000
10700000
8500000
10700000
9100000
7700000
9600000
10000000
9400000
10800000
10600000
9200000
6800000
10000000
9500000
6800000
9100000
11000000
9000000
10800000
10300000
8600000
10100000
8500000
10100000
10200000
10300000
10400000
8700000
8800000
9100000
6900000
8900000
9000000
10500000
9100000
9700000
11100000
9500000
10700000
6900000
9200000
10900000
9200000
10100000
7800000
9300000
10200000
9600000
9200000
10400000
10900000
8600000
10500000
9300000
10600000
10700000
10800000
10900000
9200000
9800000
11000000
10300000
9900000
9300000
9300000
9400000
9500000
11200000
9700000
9800000
8300000
8700000
10200000
9600000
11000000
9400000
11100000
10600000
9600000
9900000
9800000
7000000
7800000
10300000
11100000
7000000
11200000
10800000
7900000
7100000
10700000
10000000
10100000
8000000
8100000
8200000
8400000
9400000
8500000
10400000
11300000
10000000
7900000
9700000
11000000
11300000
7100000
9300000
8800000
11200000
9500000
8300000
9400000
10200000
10900000
7200000
9500000
9600000
10400000
9900000
8700000
8000000
9700000
11100000
9400000
8400000
7300000
9600000
10300000
9800000
10000000
8800000
9700000
10800000
11000000
11400000
10500000
7200000
10100000
8800000
9800000
9700000
8900000
8100000
10400000
11300000
9800000
11500000
10900000
9900000
11100000
8500000
9500000
7400000
11200000
10100000
10600000
8600000
7300000
10200000
9900000
9800000
8900000
9000000
8200000
10500000
11400000
9900000
11000000
11600000
10200000
8600000
9600000
7500000
10000000
11200000
11300000
10700000
8700000
7400000
10300000
10000000
9900000
9000000
11400000
11700000
10600000
10300000
8300000
8800000
8900000
10400000
8900000
10700000
10800000
10400000
10000000
11800000
10800000
8400000
10500000
9700000
7600000
11100000
11300000
9100000
10000000
8700000
9800000
11500000
10100000
9500000
10500000
9000000
10100000
10600000
9100000
7700000
10100000
9000000
10900000
7500000
8500000
10900000
9200000
11500000
11400000
11200000
10500000
11900000
7800000
7600000
11300000
11600000
9300000
10200000
9100000
8800000
10200000
11500000
9200000
8600000
11000000
10200000
10100000
10600000
11000000
9100000
8700000
7700000
10700000
7900000
11700000
8900000
10300000
11400000
9900000
10300000
10200000
9300000
10300000
11100000
10700000
11100000
9400000
11600000
9200000
8800000
7800000
8000000
10800000
11800000
9200000
9000000
11500000
10400000
10000000
10400000
10300000
10800000
11200000
9400000
9600000
10400000
11200000
9500000
11700000
9300000
10900000
9100000
8900000
7900000
11900000
9300000
8100000
10500000
11600000
10100000
10900000
9500000
10400000
11300000
10600000
10500000
9700000
10500000
11300000
9600000
11800000
9700000
9400000
11400000
9800000
9900000
9500000
9600000
11600000
10500000
10600000
12000000
11400000
11500000
10600000
11000000
9200000
10600000
9700000
8000000
9000000
11700000
8100000
10700000
11600000
10600000
9100000
11000000
9800000
9200000
11700000
8200000
10800000
10700000
9900000
11100000
11800000
9300000
10800000
10000000
11800000
10900000
8300000
11200000
11900000
9400000
10900000
10100000
11900000
11000000
8400000
11300000
12000000
10700000
9500000
11000000
8500000
11100000
10200000
12000000
11400000
12100000
9600000
10800000
11700000
8600000
11100000
10300000
11200000
12100000
11500000
12200000
10900000
9700000
8700000
11800000
11300000
11900000
12000000
12100000
9800000
12200000
9400000
12300000
10400000
10500000
11900000
12000000
12200000
12300000
12400000
12500000
8800000
9900000
12600000
11600000
11700000
10600000
12100000
11200000
9800000
12300000
12400000
12500000
8200000
12600000
10700000
12700000
11400000
9500000
8900000
12700000
10800000
9900000
10000000
11500000
10100000
11600000
9300000
11000000
11800000
11900000
9000000
9100000
9200000
9300000
10000000
10000000
11100000
12400000
11100000
10700000
9400000
10700000
11300000
10200000
12000000
11700000
10200000
10900000
8300000
11500000
10100000
12800000
12200000
12800000
9600000
10100000
9400000
9600000
9500000
12500000
11200000
11200000
8400000
11400000
11000000
10300000
12100000
10800000
11600000
9700000
9500000
11300000
12900000
11300000
10200000
10800000
10200000
10300000
13000000
11100000
10400000
11400000
10300000
10900000
11400000
12200000
11700000
9600000
11500000
9800000
10900000
10300000
10400000
11200000
12300000
11500000
13100000
11000000
9900000
10500000
11500000
10400000
11800000
11000000
10400000
9700000
11600000
10500000
11300000
12400000
11100000
11600000
10000000
10500000
11600000
13200000
10500000
10600000
11900000
11100000
9800000
11700000
9700000
8500000
11200000
10100000
11400000
12500000
10600000
10600000
10600000
12600000
11800000
10700000
9800000
8600000
10700000
9900000
11700000
13300000
12700000
10800000
10900000
10200000
10300000
11800000
10000000
11000000
11100000
11200000
13400000
11500000
11600000
11700000
8700000
11900000
9900000
12600000
12000000
8800000
8900000
10700000
11700000
11800000
10100000
10200000
10300000
9600000
9700000
9000000
12800000
10000000
12100000
11900000
9100000
11800000
12000000
12300000
11800000
12200000
11300000
12900000
12000000
12700000
11900000
9800000
9200000
10400000
10700000
11300000
10800000
10800000
10100000
10400000
11200000
12300000
12400000
12500000
12600000
12700000
12800000
12900000
13000000
10500000
13100000
10200000
13200000
12000000
12400000
10800000
13000000
12100000
10900000
9900000
11400000
12800000
11900000
12100000
11400000
10900000
10500000
11900000
9300000
11300000
10600000
12100000
12000000
12500000
11500000
10000000
12200000
10300000
12100000
12900000
11500000
11000000
13300000
10900000
12000000
12200000
12200000
9400000
10600000
13100000
11000000
11400000
12300000
12400000
12500000
12600000
12300000
10400000
11600000
10100000
12300000
13000000
11600000
11700000
11800000
13200000
10700000
12600000
10200000
10300000
11000000
11500000
13100000
12400000
11600000
12700000
11100000
12200000
12500000
12600000
10800000
11700000
12300000
10400000
12800000
13400000
10500000
11100000
11200000
12100000
13300000
9500000
12400000
10700000
13500000
12700000
11800000
12800000
11900000
13400000
12400000
11100000
13200000
11200000
13600000
13700000
11200000
11300000
9600000
12900000
11700000
12200000
12700000
11900000
11300000
13300000
10900000
10800000
13400000
13000000
11000000
12800000
12500000
9700000
12000000
12300000
11800000
11400000
11300000
9800000
10900000
12600000
13500000
13100000
11900000
11100000
12900000
12100000
11500000
12400000
11400000
9900000
11000000
12700000
13600000
12000000
13200000
13000000
11200000
12200000
11600000
12500000
11500000
12900000
10000000
11100000
13700000
12800000
12100000
13300000
12300000
13100000
11300000
11700000
12600000
11600000
13000000
11200000
13800000
12200000
13400000
10100000
12900000
12000000
11400000
13200000
12400000
11800000
12700000
10500000
11700000
13100000
11300000
13900000
12300000
13500000
10200000
13000000
13300000
12500000
11500000
12100000
12800000
11900000
11800000
13200000
10600000
11400000
14000000
11500000
10300000
12200000
12300000
12400000
12000000
13100000
12900000
13300000
13400000
13500000
13500000
13600000
13700000
10600000
10700000
12500000
11900000
13600000
12500000
12600000
13700000
10700000
12700000
12100000
12800000
13600000
13800000
11600000
12400000
10400000
12500000
12600000
13400000
12900000
12600000
13700000
12700000
12200000
12300000
10500000
12700000
12600000
14100000
11600000
13900000
13800000
10800000
13000000
13200000
10800000
11400000
10600000
12700000
13000000
13800000
12400000
12800000
11700000
12800000
13500000
12000000
12900000
13600000
10900000
14000000
10900000
13100000
13900000
10700000
12900000
13100000
13300000
12100000
11700000
13000000
11800000
12500000
11500000
13700000
10800000
11000000
13100000
14000000
12800000
13200000
13200000
14100000
12200000
12600000
13400000
13000000
11900000
11000000
11800000
11600000
13800000
10900000
11100000
13200000
14100000
13300000
12700000
13300000
12900000
14200000
12300000
13100000
13500000
11900000
11100000
12000000
11700000
13900000
11000000
13900000
13300000
11200000
14200000
13400000
13400000
13000000
14300000
12800000
12400000
13200000
12100000
12000000
11200000
13600000
11800000
14000000
11100000
13400000
14000000
13500000
11300000
12900000
13100000
14300000
13500000
14400000
13300000
12500000
12200000
11300000
13700000
12100000
14100000
13400000
14100000
11900000
12300000
12600000
12700000
13600000
13000000
13200000
13800000
13600000
11400000
14200000
11400000
14400000
12200000
13500000
13500000
13100000
13600000
14500000
14600000
14300000
13200000
12400000
11200000
11500000
13700000
13800000
13700000
11500000
13700000
13600000
14400000
14500000
12500000
13900000
14500000
14600000
13800000
11600000
12300000
11300000
11400000
14700000
14700000
14200000
13300000
11600000
13900000
12600000
12000000
11700000
13300000
13700000
12800000
12400000
13900000
11500000
14600000
14000000
13800000
12900000
13000000
14800000
12100000
14000000
13900000
14300000
14000000
11800000
13400000
13400000
11700000
11600000
14800000
13800000
12700000
14700000
12500000
14100000
14000000
14100000
14400000
12600000
11800000
14200000
14100000
13900000
13500000
13100000
13500000
11700000
12800000
14800000
14200000
12700000
13600000
14100000
11800000
14900000
14000000
14300000
12900000
13600000
11900000
14500000
14200000
13200000
14300000
13700000
12800000
14100000
14200000
11900000
13000000
14400000
15000000
12000000
13700000
14300000
14600000
13300000
12200000
14400000
13800000
12900000
14300000
14200000
12000000
14500000
13100000
14400000
12100000
13800000
15100000
14700000
13400000
12300000
14500000
13000000
14400000
13900000
12100000
14300000
14600000
13200000
14500000
12200000
13900000
15200000
14800000
13500000
12400000
14600000
14900000
13100000
14500000
14000000
14400000
12200000
14700000
13300000
14600000
12300000
14000000
12500000
12600000
12700000
12800000
12900000
14800000
14900000
14100000
14200000
14900000
13200000
12300000
12400000
14500000
15000000
14700000
14800000
15100000
14700000
13000000
15000000
15100000
15300000
14600000
13600000
14900000
15200000
13400000
14800000
12500000
13300000
14100000
14600000
14300000
15000000
12400000
13100000
11900000
15200000
14700000
14700000
13500000
13200000
13700000
12500000
14200000
14900000
12600000
14400000
12000000
15100000
15300000
15000000
13400000
15100000
15200000
12600000
15300000
15400000
15500000
15600000
15700000
14800000
15400000
13300000
13500000
13600000
15000000
13800000
15800000
15200000
14500000
14300000
14800000
12700000
12100000
15900000
16000000
12800000
16100000
12700000
16200000
16300000
16400000
16500000
16600000
14900000
15500000
13700000
15100000
13400000
13600000
13900000
14600000
15300000
16700000
14900000
14400000
12200000
16800000
16900000
12900000
17000000
17100000
12800000
17200000
17300000
17400000
17500000
17600000
15000000
15600000
13800000
15200000
13500000
17700000
13700000
15000000
14000000
15400000
14700000
14500000
12300000
17800000
17900000
18000000
13000000
18100000
12900000
13600000
13100000
15700000
13800000
15100000
18200000
15500000
14100000
14800000
15200000
13900000
15100000
18300000
13000000
12400000
14600000
14200000
14900000
14000000
13900000
15300000
15600000
13200000
14700000
18400000
14000000
15200000
15300000
15400000
15700000
15000000
15100000
13100000
13200000
13300000
14100000
14200000
14300000
14300000
13300000
15500000
18500000
15800000
15900000
15600000
14100000
14800000
15400000
14400000
12500000
13700000
18600000
16000000
13400000
16100000
15500000
16200000
13500000
16300000
15600000
13600000
16400000
13400000
15700000
14500000
13700000
13500000
16500000
15800000
14600000
13800000
13600000
16600000
14700000
15900000
13900000
13700000
14800000
16700000
16000000
14000000
13800000
16800000
16100000
14900000
14100000
15000000
16200000
16900000
13900000
14200000
15100000
14000000
17000000
16300000
14300000
14400000
17100000
14500000
14100000
16400000
15200000
15300000
14600000
15400000
16500000
17200000
14200000
15500000
15600000
14700000
16600000
15700000
17300000
14300000
14400000
16700000
15800000
14800000
17400000
14500000
14600000
16800000
15900000
14900000
17500000
14700000
14800000
14900000
15000000
15700000
15000000
16000000
16900000
15100000
17600000
14200000
15200000
15100000
15800000
15200000
16100000
17000000
15300000
17700000
15300000
14300000
15900000
15200000
15400000
16000000
16200000
17800000
15400000
15300000
17100000
14400000
15400000
15500000
16100000
16300000
17900000
15500000
17200000
15500000
14500000
15600000
16200000
16400000
18000000
17300000
15600000
15600000
14600000
15700000
16300000
16500000
18100000
15700000
17400000
15700000
14700000
15800000
16600000
16700000
16800000
17500000
17600000
17700000
15800000
15900000
14400000
14900000
15900000
16000000
16400000
16100000
15300000
17800000
18200000
15300000
14500000
13800000
16500000
15000000
15100000
16600000
16700000
16000000
16100000
15200000
16900000
17900000
16200000
16300000
16400000
12600000
14600000
16500000
15400000
13900000
14000000
18000000
15800000
17000000
15300000
18300000
12700000
18100000
16600000
15500000
16800000
15900000
17100000
15400000
18200000
12800000
18400000
16200000
14800000
16700000
15800000
14700000
15400000
15600000
16000000
17200000
16900000
15500000
15500000
18300000
16800000
14800000
14900000
15900000
16300000
12900000
14100000
16900000
16000000
17000000
16100000
15600000
15600000
13000000
16400000
17300000
14200000
15000000
18400000
14900000
15700000
13100000
17100000
15700000
16200000
16100000
17400000
17000000
15700000
18500000
14300000
16500000
15800000
15000000
15100000
15800000
17200000
16200000
18600000
16300000
17100000
13200000
14400000
15800000
16600000
17500000
15900000
15200000
15100000
16300000
15900000
17300000
18700000
13300000
16400000
14500000
17200000
17600000
16700000
15900000
16000000
15200000
15300000
17400000
16400000
13400000
18800000
16000000
16800000
17700000
16000000
16500000
14600000
17300000
15400000
16100000
15300000
17500000
16900000
16100000
17800000
16500000
13500000
16600000
16100000
14700000
18900000
17400000
15500000
16200000
15400000
16200000
17900000
17600000
17000000
16700000
16600000
13600000
16200000
14800000
19000000
17500000
15600000
16300000
13700000
17100000
17700000
15500000
13800000
16400000
17800000
16300000
16700000
16800000
16400000
16800000
16900000
15600000
16500000
14900000
13900000
15700000
18000000
16900000
17000000
15800000
16300000
19100000
19200000
17900000
15000000
14000000
17100000
16400000
16500000
17000000
17100000
17200000
18100000
17200000
18200000
17600000
16600000
18300000
16700000
15100000
15700000
18400000
18500000
15900000
17300000
16800000
18600000
19300000
16600000
17200000
18000000
19400000
16700000
16000000
16500000
15800000
17300000
19500000
17300000
16800000
14100000
16100000
16900000
17400000
18100000
16900000
17400000
15200000
16600000
18700000
17400000
15300000
16200000
15400000
15500000
18200000
15600000
15700000
15800000
17500000
14200000
17500000
17000000
17500000
17000000
18800000
16700000
15900000
16300000
15900000
18300000
17600000
17600000
17700000
17600000
17100000
18900000
14300000
17800000
17100000
16800000
16000000
17900000
18000000
16000000
16400000
17700000
18100000
18200000
18400000
18300000
18400000
18500000
17200000
17700000
19000000
14400000
18600000
17200000
16900000
16100000
18700000
17700000
16100000
18800000
16500000
17800000
18900000
18500000
17300000
17800000
19100000
14500000
17300000
16200000
17000000
17800000
16200000
17900000
19000000
16600000
18600000
17400000
17900000
19200000
16300000
17400000
14600000
16300000
17100000
17900000
19100000
16700000
18000000
18700000
17500000
18000000
19300000
16400000
17500000
14700000
17200000
16400000
18000000
19200000
16800000
18100000
17600000
18800000
18100000
19400000
17600000
14800000
16500000
17300000
18100000
16500000
19300000
16900000
18200000
17700000
18900000
16600000
14900000
18200000
17800000
16700000
15000000
16600000
18300000
17400000
19400000
17000000
19000000
15100000
19500000
17700000
17800000
18300000
16700000
16800000
17100000
17900000
19500000
17200000
16900000
16800000
15200000
17500000
18400000
18400000
19100000
17300000
19600000
17000000
18200000
18300000
18400000
15300000
17100000
18000000
17400000
19600000
19700000
15400000
17600000
17700000
19800000
19900000
20000000
17500000
18500000
19200000
18500000
16900000
18500000
20100000
17900000
18000000
18600000
18700000
19700000
17200000
17000000
17300000
15500000
17100000
17800000
18600000
18100000
18100000
20200000
19800000
18600000
19300000
18800000
17600000
18700000
17200000
15600000
17900000
18200000
18800000
17700000
17300000
18300000
18000000
15700000
18700000
18100000
18900000
17400000
17800000
18400000
15800000
18200000
18800000
18300000
17900000
19000000
17500000
18500000
15900000
18400000
18900000
19100000
17600000
18000000
18600000
16000000
18500000
19000000
19200000
17400000
17700000
18100000
18700000
16100000
18600000
19100000
19300000
17500000
17800000
18200000
18800000
16200000
18700000
19200000
19400000
17600000
17900000
18300000
18900000
16300000
18800000
19500000
19300000
17700000
18000000
16400000
18400000
19000000
19400000
17800000
16500000
18900000
19100000
18100000
19600000
18500000
19400000
19000000
16600000
19900000
19500000
17900000
19200000
19600000
19500000
18200000
19700000
18000000
18600000
19100000
16700000
20000000
19300000
18900000
19700000
19800000
19600000
18300000
18100000
18700000
16800000
20100000
19200000
19400000
19000000
19900000
19700000
19800000
18200000
18400000
19300000
18800000
19500000
16900000
20200000
20000000
20300000
19800000
19900000
19400000
18500000
19600000
19100000
18900000
17000000
18300000
20100000
19900000
20400000
20000000
19500000
19700000
19200000
18600000
18400000
17100000
19000000
20200000
19300000
19100000
20300000
20100000
18700000
20000000
20500000
19600000
19400000
18800000
20600000
19700000
17200000
19800000
20100000
20200000
20300000
19800000
19900000
19900000
20000000
20000000
19200000
19300000
20700000
20400000
20100000
19400000
20800000
17300000
20400000
20500000
20600000
20200000
20700000
20100000
20200000
20300000
20200000
19500000
19600000
20300000
17400000
20800000
20300000
19500000
20400000
18500000
20900000
19700000
20500000
18900000
19800000
17500000
20600000
19600000
20400000
17600000
18600000
20500000
20900000
20600000
19000000
20400000
20500000
21000000
20700000
17700000
18700000
19700000
19900000
21000000
20700000
19100000
20500000
20600000
18200000
21100000
20800000
17800000
19800000
18800000
20000000
21100000
20700000
20600000
20800000
19900000
20900000
18900000
21200000
20100000
17900000
20700000
21000000
20900000
20000000
21300000
19000000
20200000
18000000
20800000
21000000
21100000
20100000
21400000
19100000
20300000
18100000
20900000
21100000
21200000
20200000
21500000
19200000
20400000
18200000
21000000
21200000
21300000
20300000
21600000
19300000
20500000
19200000
21100000
18300000
21300000
21400000
20400000
18300000
21700000
19400000
19300000
20600000
21200000
18400000
21400000
21500000
18400000
20500000
21800000
19500000
19400000
20700000
21300000
18500000
21500000
21600000
18500000
20600000
21900000
19600000
19500000
20800000
21400000
18600000
21700000
21600000
18600000
20700000
22000000
21500000
19600000
19700000
20900000
18700000
21800000
21700000
20800000
18700000
22100000
21600000
19800000
19700000
21000000
21800000
18800000
21900000
18800000
20900000
22200000
19900000
19800000
21700000
21100000
22000000
21900000
18900000
21000000
18900000
22300000
20800000
20000000
19900000
21800000
21200000
22100000
22400000
21100000
22000000
19000000
19000000
20100000
20000000
20900000
22200000
21900000
21300000
22500000
21200000
22100000
20100000
19100000
20200000
19100000
22300000
22200000
22600000
21400000
20300000
21300000
21000000
22000000
22400000
21100000
21500000
21400000
22700000
19200000
19300000
20200000
22100000
21200000
19200000
21600000
21700000
20400000
21300000
21500000
22800000
20300000
22500000
22200000
22300000
21400000
21600000
21500000
20400000
21600000
21700000
21800000
22600000
20500000
22300000
19400000
19500000
19600000
19700000
19800000
21700000
22400000
22700000
20500000
22500000
20600000
19900000
21900000
20600000
22600000
22800000
21800000
22400000
21800000
22900000
19300000
20700000
21900000
22000000
22500000
21900000
22700000
20700000
22900000
22600000
22000000
22800000
22100000
20800000
22000000
23000000
22700000
22900000
22100000
20800000
22100000
22200000
20900000
23100000
20000000
22200000
23000000
22800000
20900000
23200000
22300000
22200000
21000000
22300000
20100000
19400000
23300000
22300000
21000000
22400000
23100000
22900000
21100000
19500000
22400000
20200000
23000000
23400000
21100000
21200000
23200000
22400000
22500000
22500000
19600000
20300000
23100000
21200000
23300000
22600000
23500000
21300000
22500000
22600000
19700000
20400000
23200000
21300000
22700000
23400000
21400000
22600000
23600000
22700000
19800000
20500000
21400000
23300000
22700000
22800000
21500000
23500000
23700000
19900000
22800000
20600000
21500000
21600000
22800000
23400000
22900000
23600000
23800000
20000000
20700000
22900000
21600000
21700000
23500000
22900000
23000000
20800000
23700000
20100000
23000000
20900000
21800000
23000000
21700000
20200000
23600000
23100000
23800000
21800000
23700000
23200000
21000000
23100000
21900000
23100000
20300000
22000000
21100000
21900000
23200000
23800000
23300000
23200000
20400000
22100000
21200000
23300000
22000000
23300000
23400000
20500000
21300000
22200000
23400000
22100000
23400000
23500000
20600000
21400000
22200000
23500000
22300000
21500000
22300000
20700000
23600000
23500000
23600000
22400000
21600000
22400000
20800000
23600000
23700000
23700000
22500000
21700000
22500000
23800000
20900000
23700000
23800000
22600000
21800000
23800000
22700000
21000000
22600000
21900000
22800000
22700000
21100000
22000000
22900000
22800000
21200000
22100000
23000000
22900000
21300000
22200000
23100000
23000000
22300000
21400000
23200000
23100000
22400000
21500000
23300000
23200000
22500000
21600000
23400000
23300000
22600000
21700000
23500000
23400000
22700000
21800000
23600000
23500000
22800000
21900000
23700000
23600000
22900000
22000000
23800000
23700000
23000000
23800000
22100000
23100000
22200000
23200000
22300000
23300000
22400000
23400000
22500000
23500000
22600000
23600000
22700000
23700000
22800000
23800000
22900000
23000000
23100000
23200000
23300000
23400000
23500000
23600000
23700000
23800000
